build/android/proj/common_module/build/intermediates/manifest_merge_blame_file/release/manifest-merger-blame-release-report.txt
1<?xml version="1.0" encoding="utf-8"?>
2<manifest xmlns:android="http://schemas.android.com/apk/res/android"
3    xmlns:tools="http://schemas.android.com/tools"
4    package="com.sq.common_module" >
5
6    <uses-sdk android:minSdkVersion="24" />
6-->src/main/AndroidManifest.xml
7    <!-- 振动 -->
8    <uses-permission android:name="android.permission.VIBRATE" />
8-->src/main/AndroidManifest.xml:6:5-66
8-->src/main/AndroidManifest.xml:6:22-63
9
10    <application>
10-->src/main/AndroidManifest.xml:7:5-92:19
11
12        <!-- baidu start================== -->
13        <!-- 声明打开落地页的Activity（不建议修改主题配置） -->
14        <activity
14-->src/main/AndroidManifest.xml:10:9-13:63
15            android:name="com.baidu.mobads.sdk.api.AppActivity"
15-->src/main/AndroidManifest.xml:11:13-64
16            android:configChanges="screenSize|keyboard|keyboardHidden|orientation"
16-->src/main/AndroidManifest.xml:12:13-83
17            android:theme="@android:style/Theme.NoTitleBar" />
17-->src/main/AndroidManifest.xml:13:13-60
18        <!-- 声明打开显示激励视频/全屏视频的Activity -->
19
20        <activity
20-->src/main/AndroidManifest.xml:16:9-21:75
21            android:name="com.baidu.mobads.sdk.api.MobRewardVideoActivity"
21-->src/main/AndroidManifest.xml:17:13-75
22            android:configChanges="screenSize|orientation|keyboardHidden"
22-->src/main/AndroidManifest.xml:18:13-74
23            android:launchMode="singleTask"
23-->src/main/AndroidManifest.xml:19:13-44
24            android:theme="@android:style/Theme.Translucent.NoTitleBar"
24-->src/main/AndroidManifest.xml:21:13-72
25            tools:replace="android:configChanges" />
25-->src/main/AndroidManifest.xml:20:13-50
26
27        <!-- 如果targetSdkVersion设置值>=24，则强烈建议添加以下provider，否则会影响app变现 -->
28        <!-- android:authorities="${packageName}.bd.provider" authorities中${packageName}部分必须替换成app自己的包名 -->
29        <!-- 原来的FileProvider在新版本中改为BdFileProvider,继承自v4的FileProvider,需要在应用内引用support-v4包 -->
30        <provider
30-->src/main/AndroidManifest.xml:26:9-34:20
31            android:name="com.baidu.mobads.sdk.api.BdFileProvider"
31-->src/main/AndroidManifest.xml:27:13-67
32            android:authorities="${applicationId}.bd.provider"
32-->src/main/AndroidManifest.xml:28:13-63
33            android:exported="false"
33-->src/main/AndroidManifest.xml:29:13-37
34            android:grantUriPermissions="true" >
34-->src/main/AndroidManifest.xml:30:13-47
35            <meta-data
35-->src/main/AndroidManifest.xml:31:13-33:57
36                android:name="android.support.FILE_PROVIDER_PATHS"
36-->src/main/AndroidManifest.xml:32:17-67
37                android:resource="@xml/bd_file_paths" />
37-->src/main/AndroidManifest.xml:33:17-54
38        </provider>
39        <!-- baidu end================== -->
40
41
42        <!-- GDT start================== -->
43        <!-- targetSDKVersion >= 24时才需要添加这个provider。provider的authorities属性的值为${applicationId}.fileprovider，请开发者根据自己的${applicationId}来设置这个值，例如本例中applicationId为"com.qq.e.union.demo"。 -->
44        <provider
44-->src/main/AndroidManifest.xml:39:9-47:20
45            android:name="com.qq.e.comm.GDTFileProvider"
45-->src/main/AndroidManifest.xml:40:13-57
46            android:authorities="${applicationId}.gdt.fileprovider"
46-->src/main/AndroidManifest.xml:41:13-68
47            android:exported="false"
47-->src/main/AndroidManifest.xml:42:13-37
48            android:grantUriPermissions="true" >
48-->src/main/AndroidManifest.xml:43:13-47
49            <meta-data
49-->src/main/AndroidManifest.xml:31:13-33:57
50                android:name="android.support.FILE_PROVIDER_PATHS"
50-->src/main/AndroidManifest.xml:32:17-67
51                android:resource="@xml/gdt_file_path" />
51-->src/main/AndroidManifest.xml:33:17-54
52        </provider>
53
54        <activity
54-->src/main/AndroidManifest.xml:50:9-53:40
55            android:name="com.sq.common_module.common.ui.RuleActivity"
55-->src/main/AndroidManifest.xml:51:13-51
56            android:exported="false"
56-->src/main/AndroidManifest.xml:53:13-37
57            android:screenOrientation="portrait" />
57-->src/main/AndroidManifest.xml:52:13-49
58        <activity
58-->src/main/AndroidManifest.xml:54:9-57:39
59            android:name="com.sq.common_module.common.ui.AboutUsActivity"
59-->src/main/AndroidManifest.xml:55:13-54
60            android:exported="false"
60-->src/main/AndroidManifest.xml:57:13-37
61            android:screenOrientation="portrait" />
61-->src/main/AndroidManifest.xml:56:13-49
62        <activity
62-->src/main/AndroidManifest.xml:58:9-63:49
63            android:name="com.sq.common_module.common.ui.KeepAliveActivity"
63-->src/main/AndroidManifest.xml:59:13-56
64            android:exported="true"
64-->src/main/AndroidManifest.xml:60:13-36
65            android:launchMode="singleTask"
65-->src/main/AndroidManifest.xml:61:13-44
66            android:screenOrientation="portrait"
66-->src/main/AndroidManifest.xml:62:13-49
67            android:theme="@style/tran_style" />
67-->src/main/AndroidManifest.xml:63:13-46
68        <activity
68-->src/main/AndroidManifest.xml:64:9-67:39
69            android:name="com.sq.common_module.common.ui.BindWxActivity"
69-->src/main/AndroidManifest.xml:65:13-53
70            android:exported="false"
70-->src/main/AndroidManifest.xml:67:13-37
71            android:screenOrientation="portrait" />
71-->src/main/AndroidManifest.xml:66:13-49
72        <activity
72-->src/main/AndroidManifest.xml:68:9-71:40
73            android:name="com.sq.common_module.common.ui.DeleteAccountActivity"
73-->src/main/AndroidManifest.xml:69:13-60
74            android:exported="false"
74-->src/main/AndroidManifest.xml:71:13-37
75            android:screenOrientation="portrait" />
75-->src/main/AndroidManifest.xml:70:13-49
76        <activity
76-->src/main/AndroidManifest.xml:72:9-74:39
77            android:name="com.sq.common_module.common.ui.WindowPermissionActivity"
77-->src/main/AndroidManifest.xml:72:19-69
78            android:exported="false"
78-->src/main/AndroidManifest.xml:74:13-37
79            android:screenOrientation="portrait" />
79-->src/main/AndroidManifest.xml:73:13-49
80        <activity
80-->src/main/AndroidManifest.xml:75:9-78:40
81            android:name="com.sq.common_module.common.ui.CommonSettingActivity"
81-->src/main/AndroidManifest.xml:76:13-60
82            android:exported="false"
82-->src/main/AndroidManifest.xml:78:13-37
83            android:screenOrientation="portrait" />
83-->src/main/AndroidManifest.xml:77:13-49
84        <activity
84-->src/main/AndroidManifest.xml:79:9-82:40
85            android:name="com.sq.common_module.common.ui.BackToForegroundActivity"
85-->src/main/AndroidManifest.xml:80:13-63
86            android:exported="false"
86-->src/main/AndroidManifest.xml:82:13-37
87            android:screenOrientation="portrait" />
87-->src/main/AndroidManifest.xml:81:13-49
88
89        <provider
89-->src/main/AndroidManifest.xml:83:9-91:20
90            android:name="com.sq.common_module.common.update.VersionFileProvider"
90-->src/main/AndroidManifest.xml:84:13-62
91            android:authorities="${applicationId}.provider"
91-->src/main/AndroidManifest.xml:85:13-60
92            android:exported="false"
92-->src/main/AndroidManifest.xml:86:13-37
93            android:grantUriPermissions="true" >
93-->src/main/AndroidManifest.xml:87:13-47
94            <meta-data
94-->src/main/AndroidManifest.xml:31:13-33:57
95                android:name="android.support.FILE_PROVIDER_PATHS"
95-->src/main/AndroidManifest.xml:32:17-67
96                android:resource="@xml/file_paths" />
96-->src/main/AndroidManifest.xml:33:17-54
97        </provider>
98    </application>
99
100</manifest>